<?xml version="1.0" encoding="UTF-8"?>
<testsuite xmlns:xsi="http://www.w3.org/2001/XMLSchema-instance" xsi:noNamespaceSchemaLocation="https://maven.apache.org/surefire/maven-surefire-plugin/xsd/surefire-test-report.xsd" name="com.planit.app.AppTest" time="59.528" tests="8" errors="0" skipped="0" failures="0">
  <properties>
[...]
</properties>
  <testcase name="test001" classname="com.planit.app.AppTest" time="0.927"/>
  <testcase name="test002" classname="com.planit.app.AppTest" time="2.605"/>
  <testcase name="test002[1]" classname="com.planit.app.AppTest" time="19.147"/>
  <testcase name="test002[2]" classname="com.planit.app.AppTest" time="1.599"/>
  <testcase name="test002[3]" classname="com.planit.app.AppTest" time="2.099"/>
  <testcase name="test002[4]" classname="com.planit.app.AppTest" time="10.98"/>
  <testcase name="test002[5]" classname="com.planit.app.AppTest" time="16.473"/>
  <testcase name="test003" classname="com.planit.app.AppTest" time="1.221"/>
</testsuite>